<?xml version="1.0" encoding="UTF-8"?>
<testng-results skipped="0" failed="1" ignored="0" total="4" passed="3">
  <reporter-output>
  </reporter-output>
  <suite name="Parallel" duration-ms="18585" started-at="2019-10-07T23:59:58Z" finished-at="2019-10-08T00:00:17Z">
    <groups>
    </groups>
    <test name="SingleTestFirefox" duration-ms="12248" started-at="2019-10-07T23:59:58Z" finished-at="2019-10-08T00:00:11Z">
      <class name="com.testSuite.SingleTest">
        <test-method status="PASS" signature="setUp(java.lang.String, java.lang.String)[pri:0, instance:com.testSuite.SingleTest@3abbfa04]" name="setUp" is-config="true" duration-ms="6404" started-at="2019-10-07T23:59:58Z" finished-at="2019-10-08T00:00:05Z">
          <params>
            <param index="0">
              <value>
                <![CDATA[parallel.conf.json]]>
              </value>
            </param>
            <param index="1">
              <value>
                <![CDATA[firefox]]>
              </value>
            </param>
          </params>
          <reporter-output>
          </reporter-output>
        </test-method> <!-- setUp -->
        <test-method status="PASS" signature="test()[pri:0, instance:com.testSuite.SingleTest@3abbfa04]" name="test" duration-ms="3183" started-at="2019-10-08T00:00:05Z" finished-at="2019-10-08T00:00:08Z">
          <reporter-output>
          </reporter-output>
        </test-method> <!-- test -->
        <test-method status="PASS" signature="tearDown()[pri:0, instance:com.testSuite.SingleTest@3abbfa04]" name="tearDown" is-config="true" duration-ms="2624" started-at="2019-10-08T00:00:08Z" finished-at="2019-10-08T00:00:11Z">
          <reporter-output>
          </reporter-output>
        </test-method> <!-- tearDown -->
      </class> <!-- com.testSuite.SingleTest -->
    </test> <!-- SingleTestFirefox -->
    <test name="SingleTestIE" duration-ms="15441" started-at="2019-10-07T23:59:58Z" finished-at="2019-10-08T00:00:14Z">
      <class name="com.testSuite.SingleTest">
        <test-method status="PASS" signature="setUp(java.lang.String, java.lang.String)[pri:0, instance:com.testSuite.SingleTest@59ec2012]" name="setUp" is-config="true" duration-ms="5734" started-at="2019-10-07T23:59:58Z" finished-at="2019-10-08T00:00:04Z">
          <params>
            <param index="0">
              <value>
                <![CDATA[parallel.conf.json]]>
              </value>
            </param>
            <param index="1">
              <value>
                <![CDATA[ie]]>
              </value>
            </param>
          </params>
          <reporter-output>
          </reporter-output>
        </test-method> <!-- setUp -->
        <test-method status="PASS" signature="test()[pri:0, instance:com.testSuite.SingleTest@59ec2012]" name="test" duration-ms="9377" started-at="2019-10-08T00:00:04Z" finished-at="2019-10-08T00:00:14Z">
          <reporter-output>
          </reporter-output>
        </test-method> <!-- test -->
        <test-method status="PASS" signature="tearDown()[pri:0, instance:com.testSuite.SingleTest@59ec2012]" name="tearDown" is-config="true" duration-ms="294" started-at="2019-10-08T00:00:14Z" finished-at="2019-10-08T00:00:14Z">
          <reporter-output>
          </reporter-output>
        </test-method> <!-- tearDown -->
      </class> <!-- com.testSuite.SingleTest -->
    </test> <!-- SingleTestIE -->
    <test name="SingleTestChrome" duration-ms="15736" started-at="2019-10-07T23:59:58Z" finished-at="2019-10-08T00:00:14Z">
      <class name="com.testSuite.SingleTest">
        <test-method status="PASS" signature="setUp(java.lang.String, java.lang.String)[pri:0, instance:com.testSuite.SingleTest@47c62251]" name="setUp" is-config="true" duration-ms="5712" started-at="2019-10-07T23:59:58Z" finished-at="2019-10-08T00:00:04Z">
          <params>
            <param index="0">
              <value>
                <![CDATA[parallel.conf.json]]>
              </value>
            </param>
            <param index="1">
              <value>
                <![CDATA[chrome]]>
              </value>
            </param>
          </params>
          <reporter-output>
          </reporter-output>
        </test-method> <!-- setUp -->
        <test-method status="FAIL" signature="test()[pri:0, instance:com.testSuite.SingleTest@47c62251]" name="test" duration-ms="8554" started-at="2019-10-08T00:00:04Z" finished-at="2019-10-08T00:00:13Z">
          <exception class="java.lang.AssertionError">
            <message>
              <![CDATA[expected [true] but found [false]]]>
            </message>
            <full-stacktrace>
              <![CDATA[java.lang.AssertionError: expected [true] but found [false]
at org.testng.Assert.fail(Assert.java:96)
at org.testng.Assert.failNotEquals(Assert.java:776)
at org.testng.Assert.assertTrue(Assert.java:44)
at org.testng.Assert.assertTrue(Assert.java:54)
at com.testSuite.SingleTest.test(SingleTest.java:14)
at sun.reflect.NativeMethodAccessorImpl.invoke0(Native Method)
at sun.reflect.NativeMethodAccessorImpl.invoke(NativeMethodAccessorImpl.java:62)
at sun.reflect.DelegatingMethodAccessorImpl.invoke(DelegatingMethodAccessorImpl.java:43)
at java.lang.reflect.Method.invoke(Method.java:498)
at org.testng.internal.MethodInvocationHelper.invokeMethod(MethodInvocationHelper.java:124)
at org.testng.internal.Invoker.invokeMethod(Invoker.java:583)
at org.testng.internal.Invoker.invokeTestMethod(Invoker.java:719)
at org.testng.internal.Invoker.invokeTestMethods(Invoker.java:989)
at org.testng.internal.TestMethodWorker.invokeTestMethods(TestMethodWorker.java:125)
at org.testng.internal.TestMethodWorker.run(TestMethodWorker.java:109)
at org.testng.TestRunner.privateRun(TestRunner.java:648)
at org.testng.TestRunner.run(TestRunner.java:505)
at org.testng.SuiteRunner.runTest(SuiteRunner.java:455)
at org.testng.SuiteRunner.access$000(SuiteRunner.java:40)
at org.testng.SuiteRunner$SuiteWorker.run(SuiteRunner.java:489)
at org.testng.internal.thread.ThreadUtil$1.call(ThreadUtil.java:52)
at java.util.concurrent.FutureTask.run(FutureTask.java:266)
at java.util.concurrent.ThreadPoolExecutor.runWorker(ThreadPoolExecutor.java:1149)
at java.util.concurrent.ThreadPoolExecutor$Worker.run(ThreadPoolExecutor.java:624)
at java.lang.Thread.run(Thread.java:748)
]]>
            </full-stacktrace>
          </exception> <!-- java.lang.AssertionError -->
          <reporter-output>
          </reporter-output>
        </test-method> <!-- test -->
        <test-method status="PASS" signature="tearDown()[pri:0, instance:com.testSuite.SingleTest@47c62251]" name="tearDown" is-config="true" duration-ms="1433" started-at="2019-10-08T00:00:13Z" finished-at="2019-10-08T00:00:14Z">
          <reporter-output>
          </reporter-output>
        </test-method> <!-- tearDown -->
      </class> <!-- com.testSuite.SingleTest -->
    </test> <!-- SingleTestChrome -->
    <test name="SingleTestSafari" duration-ms="18585" started-at="2019-10-07T23:59:58Z" finished-at="2019-10-08T00:00:17Z">
      <class name="com.testSuite.SingleTest">
        <test-method status="PASS" signature="setUp(java.lang.String, java.lang.String)[pri:0, instance:com.testSuite.SingleTest@553f17c]" name="setUp" is-config="true" duration-ms="6661" started-at="2019-10-07T23:59:58Z" finished-at="2019-10-08T00:00:05Z">
          <params>
            <param index="0">
              <value>
                <![CDATA[parallel.conf.json]]>
              </value>
            </param>
            <param index="1">
              <value>
                <![CDATA[safari]]>
              </value>
            </param>
          </params>
          <reporter-output>
          </reporter-output>
        </test-method> <!-- setUp -->
        <test-method status="PASS" signature="test()[pri:0, instance:com.testSuite.SingleTest@553f17c]" name="test" duration-ms="11811" started-at="2019-10-08T00:00:05Z" finished-at="2019-10-08T00:00:17Z">
          <reporter-output>
          </reporter-output>
        </test-method> <!-- test -->
        <test-method status="PASS" signature="tearDown()[pri:0, instance:com.testSuite.SingleTest@553f17c]" name="tearDown" is-config="true" duration-ms="78" started-at="2019-10-08T00:00:17Z" finished-at="2019-10-08T00:00:17Z">
          <reporter-output>
          </reporter-output>
        </test-method> <!-- tearDown -->
      </class> <!-- com.testSuite.SingleTest -->
    </test> <!-- SingleTestSafari -->
  </suite> <!-- Parallel -->
</testng-results>
